<?xml version="1.0" encoding="utf-8"?><testsuites name="pytest tests"><testsuite name="pytest" errors="0" failures="0" skipped="0" tests="87" time="0.611" timestamp="2026-05-30T21:51:07.036704+00:00" hostname="codespaces-21cb22"><testcase classname="tests.test_abstract_factory.TestEmailNotificationFactory" name="test_create_notification_returns_email_type" time="0.002" /><testcase classname="tests.test_abstract_factory.TestEmailNotificationFactory" name="test_send_marks_notification_as_sent" time="0.004" /><testcase classname="tests.test_abstract_factory.TestEmailNotificationFactory" name="test_email_subject_contains_alert_type" time="0.002" /><testcase classname="tests.test_abstract_factory.TestEmailNotificationFactory" name="test_email_subject_contains_severity" time="0.002" /><testcase classname="tests.test_abstract_factory.TestEmailNotificationFactory" name="test_create_summary_renders_email_format" time="0.001" /><testcase classname="tests.test_abstract_factory.TestEmailNotificationFactory" name="test_dispatch_returns_dict_with_both_keys" time="0.002" /><testcase classname="tests.test_abstract_factory.TestSMSNotificationFactory" name="test_create_notification_returns_sms_type" time="0.002" /><testcase classname="tests.test_abstract_factory.TestSMSNotificationFactory" name="test_send_marks_notification_as_sent" time="0.001" /><testcase classname="tests.test_abstract_factory.TestSMSNotificationFactory" name="test_sms_body_contains_alert_type" time="0.001" /><testcase classname="tests.test_abstract_factory.TestSMSNotificationFactory" name="test_sms_summary_renders_sms_format" time="0.001" /><testcase classname="tests.test_abstract_factory.TestGetNotificationFactory" name="test_returns_email_factory_for_email_channel" time="0.001" /><testcase classname="tests.test_abstract_factory.TestGetNotificationFactory" name="test_channel_lookup_is_case_insensitive" time="0.001" /><testcase classname="tests.test_abstract_factory.TestGetNotificationFactory" name="test_raises_for_unknown_channel" time="0.002" /><testcase classname="tests.test_builder.TestFraudCaseBuilder" name="test_full_build_returns_fraud_case" time="0.002" /><testcase classname="tests.test_builder.TestFraudCaseBuilder" name="test_missing_transaction_raises_value_error" time="0.002" /><testcase classname="tests.test_builder.TestFraudCaseBuilder" name="test_missing_alert_raises_value_error" time="0.002" /><testcase classname="tests.test_builder.TestFraudCaseBuilder" name="test_missing_risk_score_raises_value_error" time="0.002" /><testcase classname="tests.test_builder.TestFraudCaseBuilder" name="test_blank_case_id_raises_value_error" time="0.001" /><testcase classname="tests.test_builder.TestFraudCaseBuilder" name="test_escalated_defaults_to_false" time="0.001" /><testcase classname="tests.test_builder.TestFraudCaseBuilder" name="test_escalate_sets_flag" time="0.001" /><testcase classname="tests.test_builder.TestFraudCaseBuilder" name="test_critical_risk_auto_derives_priority_1" time="0.002" /><testcase classname="tests.test_builder.TestFraudCaseBuilder" name="test_low_risk_auto_derives_priority_5" time="0.001" /><testcase classname="tests.test_builder.TestFraudCaseBuilder" name="test_manual_priority_override" time="0.001" /><testcase classname="tests.test_builder.TestFraudCaseBuilder" name="test_priority_out_of_range_raises_value_error" time="0.001" /><testcase classname="tests.test_builder.TestFraudCaseBuilder" name="test_audit_trail_accumulates_entries" time="0.002" /><testcase classname="tests.test_builder.TestFraudCaseBuilder" name="test_notes_are_stored" time="0.001" /><testcase classname="tests.test_builder.TestFraudCaseBuilder" name="test_with_transaction_rejects_non_transaction" time="0.001" /><testcase classname="tests.test_builder.TestFraudCaseBuilder" name="test_with_alert_rejects_non_alert" time="0.001" /><testcase classname="tests.test_factory_method.TestVelocityAlertGenerator" name="test_returns_none_below_threshold" time="0.001" /><testcase classname="tests.test_factory_method.TestVelocityAlertGenerator" name="test_returns_alert_at_threshold" time="0.001" /><testcase classname="tests.test_factory_method.TestVelocityAlertGenerator" name="test_alert_type_is_velocity_breach" time="0.001" /><testcase classname="tests.test_factory_method.TestVelocityAlertGenerator" name="test_high_risk_score_produces_high_severity" time="0.001" /><testcase classname="tests.test_factory_method.TestVelocityAlertGenerator" name="test_moderate_risk_score_produces_warning_severity" time="0.001" /><testcase classname="tests.test_factory_method.TestVelocityAlertGenerator" name="test_alert_contains_risk_score_in_description" time="0.001" /><testcase classname="tests.test_factory_method.TestVelocityAlertGenerator" name="test_alert_transaction_id_matches" time="0.001" /><testcase classname="tests.test_factory_method.TestGeolocationAlertGenerator" name="test_returns_none_below_threshold" time="0.001" /><testcase classname="tests.test_factory_method.TestGeolocationAlertGenerator" name="test_returns_alert_at_threshold" time="0.001" /><testcase classname="tests.test_factory_method.TestGeolocationAlertGenerator" name="test_alert_type_is_geo_anomaly" time="0.001" /><testcase classname="tests.test_factory_method.TestGeolocationAlertGenerator" name="test_critical_severity_at_high_score" time="0.001" /><testcase classname="tests.test_factory_method.TestGeolocationAlertGenerator" name="test_high_severity_at_moderate_score" time="0.001" /><testcase classname="tests.test_factory_method.TestMLAlertGenerator" name="test_returns_none_below_threshold" time="0.001" /><testcase classname="tests.test_factory_method.TestMLAlertGenerator" name="test_returns_alert_at_threshold" time="0.001" /><testcase classname="tests.test_factory_method.TestMLAlertGenerator" name="test_alert_type_is_ml_flag" time="0.001" /><testcase classname="tests.test_factory_method.TestMLAlertGenerator" name="test_ml_alert_always_critical" time="0.001" /><testcase classname="tests.test_factory_method.TestMLAlertGenerator" name="test_confidence_percentage_in_description" time="0.001" /><testcase classname="tests.test_prototype.TestFraudRuleCache" name="test_load_defaults_registers_five_rules" time="0.001" /><testcase classname="tests.test_prototype.TestFraudRuleCache" name="test_list_rules_contains_expected_ids" time="0.001" /><testcase classname="tests.test_prototype.TestFraudRuleCache" name="test_get_clone_returns_fraud_rule" time="0.002" /><testcase classname="tests.test_prototype.TestFraudRuleCache" name="test_clone_is_not_the_same_object_as_prototype" time="0.001" /><testcase classname="tests.test_prototype.TestFraudRuleCache" name="test_clone_has_same_rule_id" time="0.001" /><testcase classname="tests.test_prototype.TestFraudRuleCache" name="test_clone_has_same_threshold" time="0.002" /><testcase classname="tests.test_prototype.TestFraudRuleCache" name="test_clone_has_same_name" time="0.001" /><testcase classname="tests.test_prototype.TestFraudRuleCache" name="test_mutating_clone_does_not_affect_prototype" time="0.002" /><testcase classname="tests.test_prototype.TestFraudRuleCache" name="test_deactivating_clone_does_not_affect_prototype" time="0.002" /><testcase classname="tests.test_prototype.TestFraudRuleCache" name="test_unknown_rule_id_raises_key_error" time="0.002" /><testcase classname="tests.test_prototype.TestFraudRuleCache" name="test_custom_rule_can_be_registered_and_cloned" time="0.001" /><testcase classname="tests.test_prototype.TestFraudRuleCache" name="test_fraud_rule_clone_method_deep_copies" time="0.002" /><testcase classname="tests.test_simple_factory.TestTransactionFactory" name="test_creates_online_transaction" time="0.001" /><testcase classname="tests.test_simple_factory.TestTransactionFactory" name="test_creates_atm_transaction" time="0.001" /><testcase classname="tests.test_simple_factory.TestTransactionFactory" name="test_creates_pos_transaction" time="0.001" /><testcase classname="tests.test_simple_factory.TestTransactionFactory" name="test_creates_wire_transaction" time="0.001" /><testcase classname="tests.test_simple_factory.TestTransactionFactory" name="test_channel_name_is_case_insensitive" time="0.002" /><testcase classname="tests.test_simple_factory.TestTransactionFactory" name="test_raises_value_error_for_unknown_channel" time="0.003" /><testcase classname="tests.test_simple_factory.TestTransactionFactory" name="test_default_status_is_pending" time="0.001" /><testcase classname="tests.test_simple_factory.TestTransactionFactory" name="test_amount_is_stored_correctly" time="0.001" /><testcase classname="tests.test_simple_factory.TestTransactionFactory" name="test_currency_normalised_to_uppercase" time="0.001" /><testcase classname="tests.test_simple_factory.TestTransactionFactory" name="test_negative_amount_raises_error" time="0.001" /><testcase classname="tests.test_simple_factory.TestTransactionFactory" name="test_invalid_currency_raises_error" time="0.001" /><testcase classname="tests.test_simple_factory.TestTransactionFactory" name="test_online_transaction_has_3ds_metadata" time="0.001" /><testcase classname="tests.test_simple_factory.TestTransactionFactory" name="test_atm_transaction_has_high_value_threshold_override" time="0.001" /><testcase classname="tests.test_simple_factory.TestTransactionFactory" name="test_pos_contactless_eligible_below_500" time="0.001" /><testcase classname="tests.test_simple_factory.TestTransactionFactory" name="test_pos_not_contactless_above_500" time="0.001" /><testcase classname="tests.test_simple_factory.TestTransactionFactory" name="test_supported_channels_returns_all_four" time="0.001" /><testcase classname="tests.test_singleton.TestAuditLoggerSingleton" name="test_get_instance_returns_audit_logger" time="0.001" /><testcase classname="tests.test_singleton.TestAuditLoggerSingleton" name="test_same_instance_returned_on_repeated_calls" time="0.001" /><testcase classname="tests.test_singleton.TestAuditLoggerSingleton" name="test_direct_construction_raises_runtime_error" time="0.002" /><testcase classname="tests.test_singleton.TestAuditLoggerSingleton" name="test_log_increases_entry_count" time="0.001" /><testcase classname="tests.test_singleton.TestAuditLoggerSingleton" name="test_get_logs_returns_list" time="0.001" /><testcase classname="tests.test_singleton.TestAuditLoggerSingleton" name="test_get_logs_returns_copy_not_reference" time="0.001" /><testcase classname="tests.test_singleton.TestAuditLoggerSingleton" name="test_log_entry_has_correct_action" time="0.001" /><testcase classname="tests.test_singleton.TestAuditLoggerSingleton" name="test_log_entry_has_correct_actor" time="0.003" /><testcase classname="tests.test_singleton.TestAuditLoggerSingleton" name="test_filter_by_action_returns_matching_entries" time="0.001" /><testcase classname="tests.test_singleton.TestAuditLoggerSingleton" name="test_filter_by_action_returns_empty_for_no_match" time="0.001" /><testcase classname="tests.test_singleton.TestAuditLoggerSingleton" name="test_copy_raises_runtime_error" time="0.002" /><testcase classname="tests.test_singleton.TestAuditLoggerSingleton" name="test_deepcopy_raises_runtime_error" time="0.003" /><testcase classname="tests.test_singleton.TestAuditLoggerSingleton" name="test_thread_safety_concurrent_writes" time="0.030" /><testcase classname="tests.test_singleton.TestAuditLoggerSingleton" name="test_clear_resets_log" time="0.001" /></testsuite></testsuites>